[2026-01-18 12:23:57] error
Message: TypeError: can't access property "fullname", browser.playlist[browser.songPos] is undefined
Source: http://chordian/deepsid/js/main.js?v=1768727297 (513:24)
IP: ::1

[2026-01-18 13:13:13] error
Message: TypeError: data.html.index is not a function
Source: http://chordian/deepsid/js/browser.js?v=1768741985 (2750:20)
IP: ::1

[2026-01-25 12:50:18] error
Message: TypeError: can't access property "classList", this.options[this.selectedIndex] is undefined
Source: http://chordian/deepsid/js/main.js?v=1769345402 (3296:4)
IP: ::1

[2026-01-26 15:24:22] error
Message: ReferenceError: GetAdminSetting is not defined
Source: http://chordian/deepsid/js/browser.js?v=1769441056 (548:15)
IP: ::1

[2026-01-26 15:24:35] error
Message: ReferenceError: GetAdminSetting is not defined
Source: http://chordian/deepsid/js/browser.js?v=1769441056 (548:15)
IP: ::1

[2026-01-26 15:24:35] error
Message: ReferenceError: GetAdminSetting is not defined
Source: http://chordian/deepsid/js/browser.js?v=1769441056 (548:15)
IP: ::1

[2026-01-26 15:24:36] error
Message: ReferenceError: GetAdminSetting is not defined
Source: http://chordian/deepsid/js/browser.js?v=1769441056 (548:15)
IP: ::1

[2026-01-26 15:24:36] error
Message: ReferenceError: GetAdminSetting is not defined
Source: http://chordian/deepsid/js/browser.js?v=1769441056 (548:15)
IP: ::1

[2026-01-26 15:24:55] error
Message: TypeError: main.GetAdminSetting is not a function
Source: http://chordian/deepsid/js/browser.js?v=1769441085 (548:20)
IP: ::1

[2026-01-26 15:30:09] error
Message: Error: Syntax error, unrecognized expression: unsupported pseudo: hover
Source: https://ajax.googleapis.com/ajax/libs/jquery/3.3.1/jquery.min.js (2:12961)
IP: ::1

[2026-01-29 14:21:43] error
Message: ReferenceError: handled is not defined
Source: http://chordian/deepsid/js/browser.js?v=1769696498 (493:59)
IP: ::1

[2026-02-03 14:15:33] error
Message: Script error.
Source: https://ajax.googleapis.com/ajax/libs/jquery/3.3.1/jquery.min.js (0:0)
IP: ::1

[2026-02-03 14:17:55] error
Message: Script error.
Source: https://ajax.googleapis.com/ajax/libs/jquery/3.3.1/jquery.min.js (0:0)
IP: ::1

[2026-02-03 14:18:32] error
Message: Script error.
Source: https://ajax.googleapis.com/ajax/libs/jquery/3.3.1/jquery.min.js (0:0)
IP: ::1

[2026-02-03 14:19:12] error
Message: Script error.
Source: https://ajax.googleapis.com/ajax/libs/jquery/3.3.1/jquery.min.js (0:0)
IP: ::1

[2026-02-08 09:41:18] error
Message: ReferenceError: label_type is not defined
Source: http://chordian/deepsid/js/browser.js?v=1770543670 (1940:5)
IP: ::1

[2026-03-02 06:31:52] error
Message: Error: Syntax error, unrecognized expression: unsupported pseudo: hover
Source: https://ajax.googleapis.com/ajax/libs/jquery/3.3.1/jquery.min.js (2:12961)
IP: ::1

[2026-03-02 06:31:53] error
Message: Error: Syntax error, unrecognized expression: unsupported pseudo: hover
Source: https://ajax.googleapis.com/ajax/libs/jquery/3.3.1/jquery.min.js (2:12961)
IP: ::1

[2026-03-07 13:01:31] error
Message: TypeError: browser.browserMessage is not a function
Source: http://chordian/deepsid/js/browser.js?v=1772888474 (3490:16)
IP: ::1

[2026-03-07 13:24:03] error
Message: TypeError: this.validateData is not a function
Source: http://chordian/deepsid/js/browser.js?v=1772889806 (3507:13)
IP: ::1

[2026-03-07 13:32:17] error
Message: ReferenceError: newName is not defined
Source: http://chordian/deepsid/js/browser.js?v=1772890328 (3572:57)
IP: ::1

[2026-03-08 09:01:38] error
Message: TypeError: can't access property "classList", this.options[this.selectedIndex] is undefined
Source: http://chordian/deepsid/js/main.js?v=1772960002 (3403:4)
IP: ::1

[2026-03-08 09:02:03] error
Message: TypeError: can't access property "classList", this.options[this.selectedIndex] is undefined
Source: http://chordian/deepsid/js/main.js?v=1772960002 (3403:4)
IP: ::1

[2026-03-08 09:02:30] error
Message: TypeError: can't access property "classList", this.options[this.selectedIndex] is undefined
Source: http://chordian/deepsid/js/main.js?v=1772960002 (3403:4)
IP: ::1

[2026-03-08 09:09:36] error
Message: TypeError: can't access property "classList", this.options[this.selectedIndex] is undefined
Source: http://chordian/deepsid/js/main.js?v=1772960928 (3403:4)
IP: ::1

[2026-03-08 09:09:47] error
Message: TypeError: can't access property "classList", this.options[this.selectedIndex] is undefined
Source: http://chordian/deepsid/js/main.js?v=1772960928 (3403:4)
IP: ::1

[2026-03-08 09:10:10] error
Message: Script error.
Source: https://ajax.googleapis.com/ajax/libs/jquery/3.3.1/jquery.min.js (0:0)
IP: ::1

[2026-03-29 08:25:51] error
Message: TypeError: can't access property "name", tagName is undefined
Source: http://chordian/deepsid/js/browser.js?v=1773570664 (4250:45)
IP: ::1

[2026-03-29 08:26:00] error
Message: TypeError: can't access property "name", tagName is undefined
Source: http://chordian/deepsid/js/browser.js?v=1773570664 (4250:45)
IP: ::1

[2026-03-30 08:24:27] error
Message: ReferenceError: $parent is not defined
Source: http://chordian/deepsid/js/main.js?v=1774859054 (1680:15)
IP: ::1

[2026-03-31 07:14:55] unhandledrejection
Message: AbortError: The fetching process for the media resource was aborted by the user agent at the user's request.
Source:  (:)
IP: ::1

[2026-03-31 07:15:00] unhandledrejection
Message: AbortError: The fetching process for the media resource was aborted by the user agent at the user's request.
Source:  (:)
IP: ::1

[2026-03-31 07:15:07] unhandledrejection
Message: AbortError: The fetching process for the media resource was aborted by the user agent at the user's request.
Source:  (:)
IP: ::1

[2026-03-31 07:15:13] unhandledrejection
Message: AbortError: The fetching process for the media resource was aborted by the user agent at the user's request.
Source:  (:)
IP: ::1

[2026-03-31 08:14:50] error
Message: TypeError: can't access property "charAt", data.type is null
Source: http://chordian/deepsid/js/controls.js?v=1772886180 (1016:36)
IP: ::1

[2026-03-31 08:15:03] error
Message: TypeError: can't access property "charAt", data.type is null
Source: http://chordian/deepsid/js/controls.js?v=1772886180 (1016:36)
IP: ::1

[2026-03-31 08:18:03] error
Message: TypeError: can't access property "charAt", data.type is null
Source: http://chordian/deepsid/js/controls.js?v=1772886180 (1016:36)
IP: ::1

[2026-03-31 08:18:08] error
Message: TypeError: can't access property "charAt", data.type is null
Source: http://chordian/deepsid/js/controls.js?v=1772886180 (1016:36)
IP: ::1

[2026-03-31 08:20:25] error
Message: TypeError: can't access property "charAt", data.type is null
Source: http://chordian/deepsid/js/controls.js?v=1772886180 (1016:36)
IP: ::1

[2026-03-31 09:04:30] unhandledrejection
Message: AbortError: The fetching process for the media resource was aborted by the user agent at the user's request.
Source:  (:)
IP: ::1

[2026-03-31 12:24:59] unhandledrejection
Message: AbortError: The fetching process for the media resource was aborted by the user agent at the user's request.
Source:  (:)
IP: ::1

